The system is: Windows - 10.0.26100 - AMD64
Compiling the C compiler identification source file "CMakeCCompilerId.c" succeeded.
Compiler: C:/Program Files (x86)/Microsoft Visual Studio/2019/Community/VC/Tools/MSVC/14.29.30133/bin/Hostx86/x86/cl.exe 
Build flags: 
Id flags:  

The output was:
0
Microsoft (R) C/C++ Optimizing Compiler Version 19.29.30159 for x86
Copyright (C) Microsoft Corporation.  All rights reserved.

CMakeCCompilerId.c
Microsoft (R) Incremental Linker Version 14.29.30159.0
Copyright (C) Microsoft Corporation.  All rights reserved.

/out:CMakeCCompilerId.exe 
CMakeCCompilerId.obj 


Compilation of the C compiler identification source "CMakeCCompilerId.c" produced "CMakeCCompilerId.exe"

Compilation of the C compiler identification source "CMakeCCompilerId.c" produced "CMakeCCompilerId.obj"

The C compiler identification is MSVC, found in "C:/Users/Conner/Documents/Github/college/csc163/A1/build/CMakeFiles/3.16.0-rc1/CompilerIdC/CMakeCCompilerId.exe"

Compiling the CXX compiler identification source file "CMakeCXXCompilerId.cpp" succeeded.
Compiler: C:/Program Files (x86)/Microsoft Visual Studio/2019/Community/VC/Tools/MSVC/14.29.30133/bin/Hostx86/x86/cl.exe 
Build flags: 
Id flags:  

The output was:
0
Microsoft (R) C/C++ Optimizing Compiler Version 19.29.30159 for x86
Copyright (C) Microsoft Corporation.  All rights reserved.

CMakeCXXCompilerId.cpp
Microsoft (R) Incremental Linker Version 14.29.30159.0
Copyright (C) Microsoft Corporation.  All rights reserved.

/out:CMakeCXXCompilerId.exe 
CMakeCXXCompilerId.obj 


Compilation of the CXX compiler identification source "CMakeCXXCompilerId.cpp" produced "CMakeCXXCompilerId.exe"

Compilation of the CXX compiler identification source "CMakeCXXCompilerId.cpp" produced "CMakeCXXCompilerId.obj"

The CXX compiler identification is MSVC, found in "C:/Users/Conner/Documents/Github/college/csc163/A1/build/CMakeFiles/3.16.0-rc1/CompilerIdCXX/CMakeCXXCompilerId.exe"

Determining if the C compiler works passed with the following output:
Change Dir: C:/Users/Conner/Documents/Github/college/csc163/A1/build/CMakeFiles/CMakeTmp

Run Build Command(s):C:/PROGRA~2/MICROS~3/2019/COMMUN~1/Common7/IDE/COMMON~1/MICROS~1/CMake/Ninja/ninja.exe cmTC_28fa2 && [1/2] Building C object CMakeFiles\cmTC_28fa2.dir\testCCompiler.c.obj
[2/2] Linking C executable cmTC_28fa2.exe



Detecting C compiler ABI info compiled with the following output:
Change Dir: C:/Users/Conner/Documents/Github/college/csc163/A1/build/CMakeFiles/CMakeTmp

Run Build Command(s):C:/PROGRA~2/MICROS~3/2019/COMMUN~1/Common7/IDE/COMMON~1/MICROS~1/CMake/Ninja/ninja.exe cmTC_dd60c && [1/2] Building C object CMakeFiles\cmTC_dd60c.dir\CMakeCCompilerABI.c.obj
[2/2] Linking C executable cmTC_dd60c.exe



Determining if the CXX compiler works passed with the following output:
Change Dir: C:/Users/Conner/Documents/Github/college/csc163/A1/build/CMakeFiles/CMakeTmp

Run Build Command(s):C:/PROGRA~2/MICROS~3/2019/COMMUN~1/Common7/IDE/COMMON~1/MICROS~1/CMake/Ninja/ninja.exe cmTC_20c87 && [1/2] Building CXX object CMakeFiles\cmTC_20c87.dir\testCXXCompiler.cxx.obj
[2/2] Linking CXX executable cmTC_20c87.exe



Detecting CXX compiler ABI info compiled with the following output:
Change Dir: C:/Users/Conner/Documents/Github/college/csc163/A1/build/CMakeFiles/CMakeTmp

Run Build Command(s):C:/PROGRA~2/MICROS~3/2019/COMMUN~1/Common7/IDE/COMMON~1/MICROS~1/CMake/Ninja/ninja.exe cmTC_e8ffc && [1/2] Building CXX object CMakeFiles\cmTC_e8ffc.dir\CMakeCXXCompilerABI.cpp.obj
[2/2] Linking CXX executable cmTC_e8ffc.exe



